compiling class library...
	Found 872 primitives.
	Compiling directory '/Applications/SuperCollider.app/Contents/Resources/SCClassLibrary'
	Compiling directory '/Users/forrestmuelrath/Library/Application Support/SuperCollider/Extensions'
	numentries = 848115 / 12603688 = 0.067
	5567 method selectors, 2264 classes
	method table size 13484080 bytes, big table size 100829504
	Number of Symbols 12508
	Byte Code Size 384249
	compiled 330 files in 0.13 seconds
compile done
localhost : setting clientID to 0.
internal : setting clientID to 0.
Class tree inited in 0.06 seconds


*** Welcome to SuperCollider 3.14.1. *** For help type cmd-d.
============================================
S-4 RIVAL - GRANULAR SCULPTING SAMPLER
Phase 4: 4-Track Architecture
============================================

Configuring server...
Server not running. Please boot server first with: s.boot;
Then run this script again.
